<?xml version="1.0" encoding="UTF-8"?>
<!-- Generated by org.testng.reporters.JUnitReportReporter -->
<testsuite hostname="DESKTOP-5FK85S7" failures="0" tests="1" name="com.TestNGDemos.D12ReadTheData" time="0.019" errors="0" timestamp="2024-03-13T17:35:49 IST" skipped="0">
  <testcase classname="com.TestNGDemos.D12ReadTheData" name="readData" time="0.019"/>
  <system-out/>
</testsuite> <!-- com.TestNGDemos.D12ReadTheData -->
