<?xml version="1.0" encoding="UTF-8"?>
<!-- Generated by org.testng.reporters.JUnitReportReporter -->
<testsuite hostname="DESKTOP-5FK85S7" failures="0" tests="1" name="com.TestNGDemos.D08KeywordDrivenFramework" time="3.954" errors="0" timestamp="2024-03-12T10:27:22 IST" skipped="0">
  <testcase classname="com.TestNGDemos.D08KeywordDrivenFramework" name="login" time="3.954"/>
  <system-out/>
</testsuite> <!-- com.TestNGDemos.D08KeywordDrivenFramework -->
