<?xml version="1.0" encoding="UTF-8"?>
<!-- Generated by org.testng.reporters.JUnitReportReporter -->
<testsuite hostname="DESKTOP-5FK85S7" failures="0" tests="4" name="com.TestNGDemos.D03Before_after_Test" time="7.761" errors="0" timestamp="2024-03-07T10:44:13 IST" skipped="0">
  <testcase classname="com.TestNGDemos.D03Before_after_Test" name="test1" time="2.358"/>
  <system-out/>
  <testcase classname="com.TestNGDemos.D03Before_after_Test" name="test2" time="1.880"/>
  <system-out/>
  <testcase classname="com.TestNGDemos.D03Before_after_Test" name="test3" time="1.704"/>
  <system-out/>
  <testcase classname="com.TestNGDemos.D03Before_after_Test" name="test4" time="1.819"/>
  <system-out/>
</testsuite> <!-- com.TestNGDemos.D03Before_after_Test -->
