<?xml version="1.0" encoding="UTF-8"?>
<!-- Generated by org.testng.reporters.JUnitReportReporter -->
<testsuite hostname="DESKTOP-5FK85S7" failures="0" tests="4" name="com.TestNGDemos.D04Before_After_Method" time="16.501" errors="0" timestamp="2024-03-07T16:44:52 IST" skipped="0">
  <testcase classname="com.TestNGDemos.D04Before_After_Method" name="openMeesho" time="1.634"/>
  <system-out/>
  <testcase classname="com.TestNGDemos.D04Before_After_Method" name="openNykaa" time="6.751"/>
  <system-out/>
  <testcase classname="com.TestNGDemos.D04Before_After_Method" name="openBewkoof" time="2.757"/>
  <system-out/>
  <testcase classname="com.TestNGDemos.D04Before_After_Method" name="openMyntra" time="5.359"/>
  <system-out/>
</testsuite> <!-- com.TestNGDemos.D04Before_After_Method -->
