<?xml version="1.0" encoding="UTF-8"?>
<!-- Generated by org.testng.reporters.JUnitReportReporter -->
<testsuite hostname="DESKTOP-5FK85S7" failures="0" tests="1" name="com.TestNGDemos.D01FirstTest" time="8.281" errors="0" timestamp="2024-03-07T10:00:12 IST" skipped="0">
  <testcase classname="com.TestNGDemos.D01FirstTest" name="openMyntra" time="8.281"/>
  <system-out/>
</testsuite> <!-- com.TestNGDemos.D01FirstTest -->
