<?xml version="1.0" encoding="UTF-8"?>
<!-- Generated by org.testng.reporters.JUnitReportReporter -->
<testsuite hostname="DESKTOP-5FK85S7" failures="0" tests="1" name="com.TestNGDemos.D09POMClient" time="1.856" errors="0" timestamp="2024-03-18T13:41:13 IST" skipped="0">
  <testcase classname="com.TestNGDemos.D09POMClient" name="login" time="1.856"/>
  <system-out/>
</testsuite> <!-- com.TestNGDemos.D09POMClient -->
