<?xml version="1.0" encoding="UTF-8"?>
<!-- Generated by org.testng.reporters.JUnitReportReporter -->
<testsuite hostname="DESKTOP-5FK85S7" failures="0" tests="4" name="com.TestNGDemos.D02MultipleTests" time="18.681" errors="0" timestamp="2024-03-07T10:04:05 IST" skipped="0">
  <testcase classname="com.TestNGDemos.D02MultipleTests" name="openNykaa" time="4.896"/>
  <system-out/>
  <testcase classname="com.TestNGDemos.D02MultipleTests" name="openMyntra" time="5.403"/>
  <system-out/>
  <testcase classname="com.TestNGDemos.D02MultipleTests" name="openMeesho" time="4.402"/>
  <system-out/>
  <testcase classname="com.TestNGDemos.D02MultipleTests" name="openBewkoof" time="3.980"/>
  <system-out/>
</testsuite> <!-- com.TestNGDemos.D02MultipleTests -->
