<?xml version="1.0" encoding="UTF-8"?>
<!-- Generated by org.testng.reporters.JUnitReportReporter -->
<testsuite hostname="DESKTOP-5FK85S7" failures="0" tests="1" name="com.WebDriverAssignments.A03_POMClient" time="1.876" errors="0" timestamp="2024-03-18T17:42:53 IST" skipped="0">
  <testcase classname="com.WebDriverAssignments.A03_POMClient" name="beforeMethod" time="1.876"/>
  <system-out/>
</testsuite> <!-- com.WebDriverAssignments.A03_POMClient -->
