<?xml version="1.0" encoding="UTF-8"?>
<!-- Generated by org.testng.reporters.JUnitReportReporter -->
<testsuite hostname="DESKTOP-5FK85S7" failures="0" tests="1" name="com.WebDriverAssignments.A02_POMClient" time="2.218" errors="0" timestamp="2024-03-21T18:35:29 IST" skipped="0">
  <testcase classname="com.WebDriverAssignments.A02_POMClient" name="beforeMethod" time="2.218"/>
  <system-out/>
</testsuite> <!-- com.WebDriverAssignments.A02_POMClient -->
