<?xml version="1.0" encoding="UTF-8"?>
<!-- Generated by org.testng.reporters.JUnitReportReporter -->
<testsuite hostname="DESKTOP-5FK85S7" failures="0" tests="1" name="com.TestNGDemos.D05Amazon" time="7.195" errors="0" timestamp="2024-03-26T17:19:39 IST" skipped="0">
  <testcase classname="com.TestNGDemos.D05Amazon" name="clickOnMobiles" time="7.195"/>
  <system-out/>
</testsuite> <!-- com.TestNGDemos.D05Amazon -->
