<?xml version="1.0" encoding="UTF-8"?>
<!-- Generated by org.testng.reporters.JUnitReportReporter -->
<testsuite hostname="DESKTOP-5FK85S7" failures="0" tests="5" name="com.TestNGDemos.D11CreateLoginData" time="0.130" errors="0" timestamp="2024-03-13T17:28:25 IST" skipped="0">
  <testcase classname="com.TestNGDemos.D11CreateLoginData" name="WriteToLoginFile" time="0.018"/>
  <system-out/>
  <testcase classname="com.TestNGDemos.D11CreateLoginData" name="WriteToLoginFile" time="0.017"/>
  <system-out/>
  <testcase classname="com.TestNGDemos.D11CreateLoginData" name="WriteToLoginFile" time="0.009"/>
  <system-out/>
  <testcase classname="com.TestNGDemos.D11CreateLoginData" name="WriteToLoginFile" time="0.013"/>
  <system-out/>
  <testcase classname="com.TestNGDemos.D11CreateLoginData" name="WriteToLoginFile" time="0.073"/>
  <system-out/>
</testsuite> <!-- com.TestNGDemos.D11CreateLoginData -->
