<?xml version="1.0" encoding="UTF-8"?>
<!-- Generated by org.testng.reporters.JUnitReportReporter -->
<testsuite hostname="DESKTOP-5FK85S7" failures="0" tests="1" name="com.TestNGDemos.D10WritwToExcel" time="0.064" errors="0" timestamp="2024-03-13T17:10:11 IST" skipped="0">
  <testcase classname="com.TestNGDemos.D10WritwToExcel" name="WriteToExcel" time="0.064"/>
  <system-out/>
</testsuite> <!-- com.TestNGDemos.D10WritwToExcel -->
